<?xml version="1.0" encoding="UTF-8"?>
<coverage generated="1565110353322" clover="3.2.0">
  <project timestamp="1565110353323" name="All files">
    <metrics statements="9" coveredstatements="9" conditionals="0" coveredconditionals="0" methods="5" coveredmethods="5" elements="14" coveredelements="14" complexity="0" loc="9" ncloc="9" packages="1" files="1" classes="1"/>
    <file name="StoreLocator.js" path="C:\OMS\Source\GitHub\testing-react-app1\src\containers\StoreLocator.js">
      <metrics statements="9" coveredstatements="9" conditionals="0" coveredconditionals="0" methods="5" coveredmethods="5"/>
      <line num="10" count="10" type="stmt"/>
      <line num="11" count="10" type="stmt"/>
      <line num="16" count="10" type="stmt"/>
      <line num="20" count="13" type="stmt"/>
      <line num="21" count="8" type="stmt"/>
      <line num="27" count="1" type="stmt"/>
      <line num="31" count="19" type="stmt"/>
      <line num="32" count="8" type="stmt"/>
      <line num="34" count="19" type="stmt"/>
    </file>
  </project>
</coverage>
