{"C:\\OMS\\Source\\GitHub\\testing-react-app1\\src\\containers\\StoreLocator.js": {"path":"C:\\OMS\\Source\\GitHub\\testing-react-app1\\src\\containers\\StoreLocator.js","statementMap":{"0":{"start":{"line":10,"column":8},"end":{"line":10,"column":21}},"1":{"start":{"line":11,"column":8},"end":{"line":14,"column":9}},"2":{"start":{"line":16,"column":8},"end":{"line":16,"column":51}},"3":{"start":{"line":20,"column":23},"end":{"line":20,"column":79}},"4":{"start":{"line":21,"column":8},"end":{"line":23,"column":10}},"5":{"start":{"line":27,"column":8},"end":{"line":27,"column":64}},"6":{"start":{"line":31,"column":27},"end":{"line":33,"column":10}},"7":{"start":{"line":32,"column":12},"end":{"line":32,"column":97}},"8":{"start":{"line":34,"column":8},"end":{"line":42,"column":14}}},"fnMap":{"0":{"name":"(anonymous_0)","decl":{"start":{"line":9,"column":4},"end":{"line":9,"column":5}},"loc":{"start":{"line":9,"column":23},"end":{"line":17,"column":5}},"line":9},"1":{"name":"(anonymous_1)","decl":{"start":{"line":19,"column":4},"end":{"line":19,"column":5}},"loc":{"start":{"line":19,"column":30},"end":{"line":24,"column":5}},"line":19},"2":{"name":"(anonymous_2)","decl":{"start":{"line":26,"column":4},"end":{"line":26,"column":5}},"loc":{"start":{"line":26,"column":17},"end":{"line":28,"column":5}},"line":26},"3":{"name":"(anonymous_3)","decl":{"start":{"line":30,"column":4},"end":{"line":30,"column":5}},"loc":{"start":{"line":30,"column":13},"end":{"line":43,"column":5}},"line":30},"4":{"name":"(anonymous_4)","decl":{"start":{"line":31,"column":48},"end":{"line":31,"column":49}},"loc":{"start":{"line":31,"column":62},"end":{"line":33,"column":9}},"line":31}},"branchMap":{},"s":{"0":10,"1":10,"2":10,"3":13,"4":8,"5":1,"6":19,"7":8,"8":19},"f":{"0":10,"1":13,"2":1,"3":19,"4":8},"b":{},"_coverageSchema":"43e27e138ebf9cfc5966b082cf9a028302ed4184","hash":"95a4c403e7a02d67715578ff220b4489d88b02f9"}
}
